<testsuites id="" name="" tests="33" failures="0" skipped="0" errors="0" time="18.597489">
<testsuite name="color-generator.spec.ts" timestamp="2026-01-20T02:01:44.587Z" hostname="chromium" tests="10" failures="0" skipped="0" time="12.004" errors="0">
<testcase name="Color Generator › successfully loads" classname="color-generator.spec.ts" time="0.842">
</testcase>
<testcase name="Color Generator › generates color palettes" classname="color-generator.spec.ts" time="0.288">
</testcase>
<testcase name="Color Generator › allows changing the base color" classname="color-generator.spec.ts" time="2.294">
</testcase>
<testcase name="Color Generator › toggles between light and dark themes" classname="color-generator.spec.ts" time="2.413">
</testcase>
<testcase name="Color Generator › allows adjusting warmth control" classname="color-generator.spec.ts" time="1.326">
</testcase>
<testcase name="Color Generator › allows adjusting chroma multiplier" classname="color-generator.spec.ts" time="1.261">
</testcase>
<testcase name="Color Generator › allows adjusting number of colors and palettes" classname="color-generator.spec.ts" time="1.28">
</testcase>
<testcase name="Color Generator › allows copying colors to clipboard" classname="color-generator.spec.ts" time="0.777">
</testcase>
<testcase name="Color Generator › displays neutral palette" classname="color-generator.spec.ts" time="0.253">
</testcase>
<testcase name="Color Generator › handles bezier curve controls" classname="color-generator.spec.ts" time="1.27">
</testcase>
</testsuite>
<testsuite name="demo.test.ts" timestamp="2026-01-20T02:01:44.587Z" hostname="chromium" tests="1" failures="0" skipped="0" time="0.791" errors="0">
<testcase name="home page has expected h1" classname="demo.test.ts" time="0.791">
</testcase>
</testsuite>
<testsuite name="color-generator.spec.ts" timestamp="2026-01-20T02:01:44.587Z" hostname="firefox" tests="10" failures="0" skipped="0" time="12.977" errors="0">
<testcase name="Color Generator › successfully loads" classname="color-generator.spec.ts" time="0.93">
</testcase>
<testcase name="Color Generator › generates color palettes" classname="color-generator.spec.ts" time="0.333">
</testcase>
<testcase name="Color Generator › allows changing the base color" classname="color-generator.spec.ts" time="2.35">
</testcase>
<testcase name="Color Generator › toggles between light and dark themes" classname="color-generator.spec.ts" time="2.455">
</testcase>
<testcase name="Color Generator › allows adjusting warmth control" classname="color-generator.spec.ts" time="1.346">
</testcase>
<testcase name="Color Generator › allows adjusting chroma multiplier" classname="color-generator.spec.ts" time="1.656">
</testcase>
<testcase name="Color Generator › allows adjusting number of colors and palettes" classname="color-generator.spec.ts" time="1.354">
</testcase>
<testcase name="Color Generator › allows copying colors to clipboard" classname="color-generator.spec.ts" time="0.893">
</testcase>
<testcase name="Color Generator › displays neutral palette" classname="color-generator.spec.ts" time="0.325">
</testcase>
<testcase name="Color Generator › handles bezier curve controls" classname="color-generator.spec.ts" time="1.335">
</testcase>
</testsuite>
<testsuite name="demo.test.ts" timestamp="2026-01-20T02:01:44.587Z" hostname="firefox" tests="1" failures="0" skipped="0" time="0.904" errors="0">
<testcase name="home page has expected h1" classname="demo.test.ts" time="0.904">
</testcase>
</testsuite>
<testsuite name="color-generator.spec.ts" timestamp="2026-01-20T02:01:44.587Z" hostname="webkit" tests="10" failures="0" skipped="0" time="12.786" errors="0">
<testcase name="Color Generator › successfully loads" classname="color-generator.spec.ts" time="0.923">
</testcase>
<testcase name="Color Generator › generates color palettes" classname="color-generator.spec.ts" time="0.385">
</testcase>
<testcase name="Color Generator › allows changing the base color" classname="color-generator.spec.ts" time="2.375">
</testcase>
<testcase name="Color Generator › toggles between light and dark themes" classname="color-generator.spec.ts" time="2.446">
</testcase>
<testcase name="Color Generator › allows adjusting warmth control" classname="color-generator.spec.ts" time="1.342">
</testcase>
<testcase name="Color Generator › allows adjusting chroma multiplier" classname="color-generator.spec.ts" time="1.353">
</testcase>
<testcase name="Color Generator › allows adjusting number of colors and palettes" classname="color-generator.spec.ts" time="1.357">
</testcase>
<testcase name="Color Generator › allows copying colors to clipboard" classname="color-generator.spec.ts" time="0.885">
</testcase>
<testcase name="Color Generator › displays neutral palette" classname="color-generator.spec.ts" time="0.345">
</testcase>
<testcase name="Color Generator › handles bezier curve controls" classname="color-generator.spec.ts" time="1.375">
</testcase>
</testsuite>
<testsuite name="demo.test.ts" timestamp="2026-01-20T02:01:44.587Z" hostname="webkit" tests="1" failures="0" skipped="0" time="0.894" errors="0">
<testcase name="home page has expected h1" classname="demo.test.ts" time="0.894">
</testcase>
</testsuite>
</testsuites>